[2017-05-30 16:19:43] request.INFO: Matched route "keosu_core_mainhomepage". {"route_parameters":{"_controller":"Keosu\\CoreBundle\\Controller\\MainViewsController::contentAction","_route":"keosu_core_mainhomepage"},"request_uri":"http://localhost/Keosu/web/app.php/"} []
[2017-05-30 16:19:44] security.DEBUG: Read existing security token from the session. {"key":"_security_main"} []
[2017-05-30 16:19:44] security.DEBUG: User was reloaded from a user provider. {"username":"admin","provider":"Symfony\\Component\\Security\\Core\\User\\ChainUserProvider"} []
[2017-05-30 16:19:44] security.INFO: No expression found; abstaining from voting. [] []
[2017-05-30 16:19:47] request.CRITICAL: Uncaught PHP Exception Twig_Error_Syntax: "An exception has been thrown during the compilation of a template ("Unable to find file "@MopaBootstrapBundle/Resources/public/bootstrap/js/".") in "::root.html.twig"." at C:\wamp\www\keosu\var\cache\prod\classes.php line 3711 {"exception":"[object] (Twig_Error_Syntax(code: 0): An exception has been thrown during the compilation of a template (\"Unable to find file \"@MopaBootstrapBundle/Resources/public/bootstrap/js/\".\") in \"::root.html.twig\". at C:\\wamp\\www\\keosu\\var\\cache\\prod\\classes.php:3711, InvalidArgumentException(code: 0): Unable to find file \"@MopaBootstrapBundle/Resources/public/bootstrap/js/\". at C:\\wamp\\www\\keosu\\vendor\\symfony\\symfony\\src\\Symfony\\Component\\HttpKernel\\Kernel.php:262)"} []
[2017-05-30 16:19:48] security.DEBUG: Stored the security token in the session. {"key":"_security_main"} []
[2017-05-30 16:19:55] request.INFO: Matched route "keosu_core_mainhomepage". {"route_parameters":{"_controller":"Keosu\\CoreBundle\\Controller\\MainViewsController::contentAction","_route":"keosu_core_mainhomepage"},"request_uri":"http://localhost/Keosu/web/app.php/"} []
[2017-05-30 16:19:56] security.DEBUG: Read existing security token from the session. {"key":"_security_main"} []
[2017-05-30 16:19:56] security.DEBUG: User was reloaded from a user provider. {"username":"admin","provider":"Symfony\\Component\\Security\\Core\\User\\ChainUserProvider"} []
[2017-05-30 16:19:56] security.INFO: No expression found; abstaining from voting. [] []
[2017-05-30 16:19:57] request.CRITICAL: Uncaught PHP Exception Twig_Error_Syntax: "An exception has been thrown during the compilation of a template ("Unable to find file "@MopaBootstrapBundle/Resources/public/bootstrap/js/".") in "::root.html.twig"." at C:\wamp\www\keosu\var\cache\prod\classes.php line 3711 {"exception":"[object] (Twig_Error_Syntax(code: 0): An exception has been thrown during the compilation of a template (\"Unable to find file \"@MopaBootstrapBundle/Resources/public/bootstrap/js/\".\") in \"::root.html.twig\". at C:\\wamp\\www\\keosu\\var\\cache\\prod\\classes.php:3711, InvalidArgumentException(code: 0): Unable to find file \"@MopaBootstrapBundle/Resources/public/bootstrap/js/\". at C:\\wamp\\www\\keosu\\vendor\\symfony\\symfony\\src\\Symfony\\Component\\HttpKernel\\Kernel.php:262)"} []
[2017-05-30 16:19:57] security.DEBUG: Stored the security token in the session. {"key":"_security_main"} []
[2017-05-30 16:20:11] request.INFO: Matched route "keosu_core_mainhomepage". {"route_parameters":{"_controller":"Keosu\\CoreBundle\\Controller\\MainViewsController::contentAction","_route":"keosu_core_mainhomepage"},"request_uri":"http://localhost/Keosu/web/app.php/"} []
[2017-05-30 16:20:12] security.DEBUG: Read existing security token from the session. {"key":"_security_main"} []
[2017-05-30 16:20:12] security.DEBUG: User was reloaded from a user provider. {"username":"admin","provider":"Symfony\\Component\\Security\\Core\\User\\ChainUserProvider"} []
[2017-05-30 16:20:12] security.INFO: No expression found; abstaining from voting. [] []
[2017-05-30 16:20:13] request.CRITICAL: Uncaught PHP Exception Twig_Error_Syntax: "An exception has been thrown during the compilation of a template ("Unable to find file "@MopaBootstrapBundle/Resources/public/bootstrap/js/".") in "::root.html.twig"." at C:\wamp\www\keosu\var\cache\prod\classes.php line 3711 {"exception":"[object] (Twig_Error_Syntax(code: 0): An exception has been thrown during the compilation of a template (\"Unable to find file \"@MopaBootstrapBundle/Resources/public/bootstrap/js/\".\") in \"::root.html.twig\". at C:\\wamp\\www\\keosu\\var\\cache\\prod\\classes.php:3711, InvalidArgumentException(code: 0): Unable to find file \"@MopaBootstrapBundle/Resources/public/bootstrap/js/\". at C:\\wamp\\www\\keosu\\vendor\\symfony\\symfony\\src\\Symfony\\Component\\HttpKernel\\Kernel.php:262)"} []
[2017-05-30 16:20:13] security.DEBUG: Stored the security token in the session. {"key":"_security_main"} []
[2017-05-30 16:21:50] request.INFO: Matched route "keosu_core_mainhomepage". {"route_parameters":{"_controller":"Keosu\\CoreBundle\\Controller\\MainViewsController::contentAction","_route":"keosu_core_mainhomepage"},"request_uri":"http://localhost/Keosu/web/app.php/"} []
[2017-05-30 16:21:51] security.DEBUG: Read existing security token from the session. {"key":"_security_main"} []
[2017-05-30 16:21:51] security.DEBUG: User was reloaded from a user provider. {"username":"admin","provider":"Symfony\\Component\\Security\\Core\\User\\ChainUserProvider"} []
[2017-05-30 16:21:51] security.INFO: No expression found; abstaining from voting. [] []
[2017-05-30 16:21:52] request.CRITICAL: Uncaught PHP Exception Twig_Error_Syntax: "An exception has been thrown during the compilation of a template ("Unable to find file "@MopaBootstrapBundle/Resources/public/bootstrap/js/".") in "::root.html.twig"." at C:\wamp\www\keosu\var\cache\prod\classes.php line 3711 {"exception":"[object] (Twig_Error_Syntax(code: 0): An exception has been thrown during the compilation of a template (\"Unable to find file \"@MopaBootstrapBundle/Resources/public/bootstrap/js/\".\") in \"::root.html.twig\". at C:\\wamp\\www\\keosu\\var\\cache\\prod\\classes.php:3711, InvalidArgumentException(code: 0): Unable to find file \"@MopaBootstrapBundle/Resources/public/bootstrap/js/\". at C:\\wamp\\www\\keosu\\vendor\\symfony\\symfony\\src\\Symfony\\Component\\HttpKernel\\Kernel.php:262)"} []
[2017-05-30 16:21:52] security.DEBUG: Stored the security token in the session. {"key":"_security_main"} []
[2017-05-30 16:22:07] request.INFO: Matched route "keosu_core_mainhomepage". {"route_parameters":{"_controller":"Keosu\\CoreBundle\\Controller\\MainViewsController::contentAction","_route":"keosu_core_mainhomepage"},"request_uri":"http://localhost/Keosu/web/app.php/"} []
[2017-05-30 16:22:08] security.DEBUG: Read existing security token from the session. {"key":"_security_main"} []
[2017-05-30 16:22:08] security.DEBUG: User was reloaded from a user provider. {"username":"admin","provider":"Symfony\\Component\\Security\\Core\\User\\ChainUserProvider"} []
[2017-05-30 16:22:08] security.INFO: No expression found; abstaining from voting. [] []
[2017-05-30 16:22:10] request.CRITICAL: Uncaught PHP Exception Twig_Error_Syntax: "An exception has been thrown during the compilation of a template ("Unable to find file "@MopaBootstrapBundle/Resources/public/bootstrap/js/".") in "::root.html.twig"." at C:\wamp\www\keosu\var\cache\prod\classes.php line 3711 {"exception":"[object] (Twig_Error_Syntax(code: 0): An exception has been thrown during the compilation of a template (\"Unable to find file \"@MopaBootstrapBundle/Resources/public/bootstrap/js/\".\") in \"::root.html.twig\". at C:\\wamp\\www\\keosu\\var\\cache\\prod\\classes.php:3711, InvalidArgumentException(code: 0): Unable to find file \"@MopaBootstrapBundle/Resources/public/bootstrap/js/\". at C:\\wamp\\www\\keosu\\vendor\\symfony\\symfony\\src\\Symfony\\Component\\HttpKernel\\Kernel.php:262)"} []
[2017-05-30 16:22:10] security.DEBUG: Stored the security token in the session. {"key":"_security_main"} []
[2017-05-30 16:22:25] request.INFO: Matched route "keosu_core_mainhomepage". {"route_parameters":{"_controller":"Keosu\\CoreBundle\\Controller\\MainViewsController::contentAction","_route":"keosu_core_mainhomepage"},"request_uri":"http://localhost/Keosu/web/app.php/"} []
[2017-05-30 16:22:26] security.DEBUG: Read existing security token from the session. {"key":"_security_main"} []
[2017-05-30 16:22:26] security.DEBUG: User was reloaded from a user provider. {"username":"admin","provider":"Symfony\\Component\\Security\\Core\\User\\ChainUserProvider"} []
[2017-05-30 16:22:26] security.INFO: No expression found; abstaining from voting. [] []
[2017-05-30 16:22:27] request.CRITICAL: Uncaught PHP Exception Twig_Error_Syntax: "An exception has been thrown during the compilation of a template ("Unable to find file "@MopaBootstrapBundle/Resources/public/bootstrap/js/".") in "::root.html.twig"." at C:\wamp\www\keosu\var\cache\prod\classes.php line 3711 {"exception":"[object] (Twig_Error_Syntax(code: 0): An exception has been thrown during the compilation of a template (\"Unable to find file \"@MopaBootstrapBundle/Resources/public/bootstrap/js/\".\") in \"::root.html.twig\". at C:\\wamp\\www\\keosu\\var\\cache\\prod\\classes.php:3711, InvalidArgumentException(code: 0): Unable to find file \"@MopaBootstrapBundle/Resources/public/bootstrap/js/\". at C:\\wamp\\www\\keosu\\vendor\\symfony\\symfony\\src\\Symfony\\Component\\HttpKernel\\Kernel.php:262)"} []
[2017-05-30 16:22:27] security.DEBUG: Stored the security token in the session. {"key":"_security_main"} []
[2017-05-30 16:22:42] request.INFO: Matched route "keosu_core_mainhomepage". {"route_parameters":{"_controller":"Keosu\\CoreBundle\\Controller\\MainViewsController::contentAction","_route":"keosu_core_mainhomepage"},"request_uri":"http://localhost/Keosu/web/app.php/"} []
[2017-05-30 16:22:43] security.DEBUG: Read existing security token from the session. {"key":"_security_main"} []
[2017-05-30 16:22:43] security.DEBUG: User was reloaded from a user provider. {"username":"admin","provider":"Symfony\\Component\\Security\\Core\\User\\ChainUserProvider"} []
[2017-05-30 16:22:43] security.INFO: No expression found; abstaining from voting. [] []
[2017-05-30 16:22:44] request.CRITICAL: Uncaught PHP Exception Twig_Error_Syntax: "An exception has been thrown during the compilation of a template ("Unable to find file "@MopaBootstrapBundle/Resources/public/bootstrap/js/".") in "::root.html.twig"." at C:\wamp\www\keosu\var\cache\prod\classes.php line 3711 {"exception":"[object] (Twig_Error_Syntax(code: 0): An exception has been thrown during the compilation of a template (\"Unable to find file \"@MopaBootstrapBundle/Resources/public/bootstrap/js/\".\") in \"::root.html.twig\". at C:\\wamp\\www\\keosu\\var\\cache\\prod\\classes.php:3711, InvalidArgumentException(code: 0): Unable to find file \"@MopaBootstrapBundle/Resources/public/bootstrap/js/\". at C:\\wamp\\www\\keosu\\vendor\\symfony\\symfony\\src\\Symfony\\Component\\HttpKernel\\Kernel.php:262)"} []
[2017-05-30 16:22:44] security.DEBUG: Stored the security token in the session. {"key":"_security_main"} []
[2017-05-30 16:28:04] request.INFO: Matched route "keosu_core_mainhomepage". {"route_parameters":{"_controller":"Keosu\\CoreBundle\\Controller\\MainViewsController::contentAction","_route":"keosu_core_mainhomepage"},"request_uri":"http://localhost/Keosu/web/app.php/"} []
[2017-05-30 16:28:05] security.DEBUG: Read existing security token from the session. {"key":"_security_main"} []
[2017-05-30 16:28:05] security.DEBUG: User was reloaded from a user provider. {"username":"admin","provider":"Symfony\\Component\\Security\\Core\\User\\ChainUserProvider"} []
[2017-05-30 16:28:05] security.INFO: No expression found; abstaining from voting. [] []
[2017-05-30 16:28:06] request.CRITICAL: Uncaught PHP Exception Twig_Error_Syntax: "An exception has been thrown during the compilation of a template ("Unable to find file "@MopaBootstrapBundle/Resources/public/bootstrap/js/".") in "::root.html.twig"." at C:\wamp\www\keosu\var\cache\prod\classes.php line 3711 {"exception":"[object] (Twig_Error_Syntax(code: 0): An exception has been thrown during the compilation of a template (\"Unable to find file \"@MopaBootstrapBundle/Resources/public/bootstrap/js/\".\") in \"::root.html.twig\". at C:\\wamp\\www\\keosu\\var\\cache\\prod\\classes.php:3711, InvalidArgumentException(code: 0): Unable to find file \"@MopaBootstrapBundle/Resources/public/bootstrap/js/\". at C:\\wamp\\www\\keosu\\vendor\\symfony\\symfony\\src\\Symfony\\Component\\HttpKernel\\Kernel.php:262)"} []
[2017-05-30 16:28:06] security.DEBUG: Stored the security token in the session. {"key":"_security_main"} []
[2017-06-01 10:36:54] request.INFO: Matched route "keosu_event_viewlist". {"route_parameters":{"_controller":"Keosu\\DataModel\\EventModelBundle\\Controller\\ViewController::viewAction","_route":"keosu_event_viewlist"},"request_uri":"http://localhost/Keosu/web/app.php/content/event"} []
[2017-06-01 10:36:56] security.DEBUG: Read existing security token from the session. {"key":"_security_main"} []
[2017-06-01 10:36:56] security.DEBUG: User was reloaded from a user provider. {"username":"admin","provider":"Symfony\\Component\\Security\\Core\\User\\ChainUserProvider"} []
[2017-06-01 10:36:56] security.INFO: No expression found; abstaining from voting. [] []
[2017-06-01 10:36:58] request.CRITICAL: Uncaught PHP Exception Doctrine\ORM\Mapping\MappingException: "Duplicate definition of column 'path' on entity 'Keosu\DataModel\EventModelBundle\Entity\Event' in a field or discriminator column mapping." at C:\wamp\www\keosu\vendor\doctrine\orm\lib\Doctrine\ORM\Mapping\MappingException.php line 565 {"exception":"[object] (Doctrine\\ORM\\Mapping\\MappingException(code: 0): Duplicate definition of column 'path' on entity 'Keosu\\DataModel\\EventModelBundle\\Entity\\Event' in a field or discriminator column mapping. at C:\\wamp\\www\\keosu\\vendor\\doctrine\\orm\\lib\\Doctrine\\ORM\\Mapping\\MappingException.php:565)"} []
[2017-06-01 10:36:59] security.DEBUG: Stored the security token in the session. {"key":"_security_main"} []
[2017-06-01 10:37:28] request.INFO: Matched route "keosu_event_viewlist". {"route_parameters":{"_controller":"Keosu\\DataModel\\EventModelBundle\\Controller\\ViewController::viewAction","_route":"keosu_event_viewlist"},"request_uri":"http://localhost/Keosu/web/app.php/content/event"} []
[2017-06-01 10:37:29] security.DEBUG: Read existing security token from the session. {"key":"_security_main"} []
[2017-06-01 10:37:29] security.DEBUG: User was reloaded from a user provider. {"username":"admin","provider":"Symfony\\Component\\Security\\Core\\User\\ChainUserProvider"} []
[2017-06-01 10:37:29] security.INFO: No expression found; abstaining from voting. [] []
[2017-06-01 10:37:29] request.CRITICAL: Uncaught PHP Exception Doctrine\ORM\Mapping\MappingException: "Duplicate definition of column 'path' on entity 'Keosu\DataModel\EventModelBundle\Entity\Event' in a field or discriminator column mapping." at C:\wamp\www\keosu\vendor\doctrine\orm\lib\Doctrine\ORM\Mapping\MappingException.php line 565 {"exception":"[object] (Doctrine\\ORM\\Mapping\\MappingException(code: 0): Duplicate definition of column 'path' on entity 'Keosu\\DataModel\\EventModelBundle\\Entity\\Event' in a field or discriminator column mapping. at C:\\wamp\\www\\keosu\\vendor\\doctrine\\orm\\lib\\Doctrine\\ORM\\Mapping\\MappingException.php:565)"} []
[2017-06-01 10:37:30] security.DEBUG: Stored the security token in the session. {"key":"_security_main"} []
[2017-06-01 10:37:43] request.INFO: Matched route "keosu_event_viewlist". {"route_parameters":{"_controller":"Keosu\\DataModel\\EventModelBundle\\Controller\\ViewController::viewAction","_route":"keosu_event_viewlist"},"request_uri":"http://localhost/Keosu/web/app.php/content/event"} []
[2017-06-01 10:37:44] security.DEBUG: Read existing security token from the session. {"key":"_security_main"} []
[2017-06-01 10:37:44] security.DEBUG: User was reloaded from a user provider. {"username":"admin","provider":"Symfony\\Component\\Security\\Core\\User\\ChainUserProvider"} []
[2017-06-01 10:37:44] security.INFO: No expression found; abstaining from voting. [] []
[2017-06-01 10:37:44] request.CRITICAL: Uncaught PHP Exception Doctrine\ORM\Mapping\MappingException: "Duplicate definition of column 'path' on entity 'Keosu\DataModel\EventModelBundle\Entity\Event' in a field or discriminator column mapping." at C:\wamp\www\keosu\vendor\doctrine\orm\lib\Doctrine\ORM\Mapping\MappingException.php line 565 {"exception":"[object] (Doctrine\\ORM\\Mapping\\MappingException(code: 0): Duplicate definition of column 'path' on entity 'Keosu\\DataModel\\EventModelBundle\\Entity\\Event' in a field or discriminator column mapping. at C:\\wamp\\www\\keosu\\vendor\\doctrine\\orm\\lib\\Doctrine\\ORM\\Mapping\\MappingException.php:565)"} []
[2017-06-01 10:37:45] security.DEBUG: Stored the security token in the session. {"key":"_security_main"} []
